mode: set
w5gc.io/wipro5gcore/pkg/smf/pdusmsp/sm/sm.go:89.97,125.2 1 1
w5gc.io/wipro5gcore/pkg/smf/pdusmsp/sm/sm.go:127.26,131.2 3 1
w5gc.io/wipro5gcore/pkg/smf/pdusmsp/sm/sm.go:138.65,140.16 2 1
w5gc.io/wipro5gcore/pkg/smf/pdusmsp/sm/sm.go:140.16,143.3 2 0
w5gc.io/wipro5gcore/pkg/smf/pdusmsp/sm/sm.go:144.2,144.21 1 1
w5gc.io/wipro5gcore/pkg/smf/pdusmsp/sm/sm.go:148.56,150.16 2 1
w5gc.io/wipro5gcore/pkg/smf/pdusmsp/sm/sm.go:150.16,153.3 2 0
w5gc.io/wipro5gcore/pkg/smf/pdusmsp/sm/sm.go:154.2,154.21 1 1
w5gc.io/wipro5gcore/pkg/smf/pdusmsp/sm/sm.go:158.69,162.16 2 1
w5gc.io/wipro5gcore/pkg/smf/pdusmsp/sm/sm.go:162.16,164.3 1 1
w5gc.io/wipro5gcore/pkg/smf/pdusmsp/sm/sm.go:169.2,170.15 2 1
w5gc.io/wipro5gcore/pkg/smf/pdusmsp/sm/sm.go:170.15,172.3 1 1
w5gc.io/wipro5gcore/pkg/smf/pdusmsp/sm/sm.go:173.2,177.17 5 1
w5gc.io/wipro5gcore/pkg/smf/pdusmsp/sm/sm.go:177.17,179.3 1 1
w5gc.io/wipro5gcore/pkg/smf/pdusmsp/sm/sm.go:180.2,183.26 4 1
w5gc.io/wipro5gcore/pkg/smf/pdusmsp/sm/sm.go:183.26,185.3 1 1
w5gc.io/wipro5gcore/pkg/smf/pdusmsp/sm/sm.go:186.2,186.12 1 1
w5gc.io/wipro5gcore/pkg/smf/pdusmsp/sm/sm.go:200.114,204.32 2 1
w5gc.io/wipro5gcore/pkg/smf/pdusmsp/sm/sm.go:204.32,207.3 1 1
w5gc.io/wipro5gcore/pkg/smf/pdusmsp/sm/sm.go:209.2,212.24 3 1
w5gc.io/wipro5gcore/pkg/smf/pdusmsp/sm/sm.go:212.24,215.3 1 1
w5gc.io/wipro5gcore/pkg/smf/pdusmsp/sm/sm.go:230.2,243.19 7 1
w5gc.io/wipro5gcore/pkg/smf/pdusmsp/sm/sm.go:243.19,244.52 1 1
w5gc.io/wipro5gcore/pkg/smf/pdusmsp/sm/sm.go:244.52,255.4 1 1
w5gc.io/wipro5gcore/pkg/smf/pdusmsp/sm/sm.go:258.2,267.16 3 1
w5gc.io/wipro5gcore/pkg/smf/pdusmsp/sm/sm.go:267.16,268.92 1 0
w5gc.io/wipro5gcore/pkg/smf/pdusmsp/sm/sm.go:268.92,270.4 1 0
w5gc.io/wipro5gcore/pkg/smf/pdusmsp/sm/sm.go:270.9,281.4 2 0
w5gc.io/wipro5gcore/pkg/smf/pdusmsp/sm/sm.go:282.8,284.3 1 1
w5gc.io/wipro5gcore/pkg/smf/pdusmsp/sm/sm.go:286.2,286.26 1 1
w5gc.io/wipro5gcore/pkg/smf/pdusmsp/sm/sm.go:286.26,296.3 1 0
w5gc.io/wipro5gcore/pkg/smf/pdusmsp/sm/sm.go:298.2,364.16 6 1
w5gc.io/wipro5gcore/pkg/smf/pdusmsp/sm/sm.go:364.16,367.3 2 0
w5gc.io/wipro5gcore/pkg/smf/pdusmsp/sm/sm.go:371.2,382.16 3 1
w5gc.io/wipro5gcore/pkg/smf/pdusmsp/sm/sm.go:382.16,392.3 1 0
w5gc.io/wipro5gcore/pkg/smf/pdusmsp/sm/sm.go:393.2,398.9 2 1
w5gc.io/wipro5gcore/pkg/smf/pdusmsp/sm/sm.go:403.167,406.24 2 1
w5gc.io/wipro5gcore/pkg/smf/pdusmsp/sm/sm.go:406.24,408.3 1 1
w5gc.io/wipro5gcore/pkg/smf/pdusmsp/sm/sm.go:413.2,422.16 4 1
w5gc.io/wipro5gcore/pkg/smf/pdusmsp/sm/sm.go:422.16,423.92 1 1
w5gc.io/wipro5gcore/pkg/smf/pdusmsp/sm/sm.go:423.92,429.4 2 1
w5gc.io/wipro5gcore/pkg/smf/pdusmsp/sm/sm.go:429.9,435.4 2 0
w5gc.io/wipro5gcore/pkg/smf/pdusmsp/sm/sm.go:437.8,439.3 1 1
w5gc.io/wipro5gcore/pkg/smf/pdusmsp/sm/sm.go:440.2,440.57 1 1
w5gc.io/wipro5gcore/pkg/smf/pdusmsp/sm/sm.go:440.57,445.3 1 0
w5gc.io/wipro5gcore/pkg/smf/pdusmsp/sm/sm.go:450.2,482.16 5 1
w5gc.io/wipro5gcore/pkg/smf/pdusmsp/sm/sm.go:482.16,483.92 1 0
w5gc.io/wipro5gcore/pkg/smf/pdusmsp/sm/sm.go:483.92,486.4 2 0
w5gc.io/wipro5gcore/pkg/smf/pdusmsp/sm/sm.go:486.9,492.4 2 0
w5gc.io/wipro5gcore/pkg/smf/pdusmsp/sm/sm.go:493.8,495.3 1 1
w5gc.io/wipro5gcore/pkg/smf/pdusmsp/sm/sm.go:496.2,504.16 3 1
w5gc.io/wipro5gcore/pkg/smf/pdusmsp/sm/sm.go:504.16,507.3 2 0
w5gc.io/wipro5gcore/pkg/smf/pdusmsp/sm/sm.go:516.2,518.16 2 1
w5gc.io/wipro5gcore/pkg/smf/pdusmsp/sm/sm.go:518.16,521.3 2 0
w5gc.io/wipro5gcore/pkg/smf/pdusmsp/sm/sm.go:522.2,541.63 2 1
w5gc.io/wipro5gcore/pkg/smf/pdusmsp/sm/sm.go:545.64,550.2 3 0
w5gc.io/wipro5gcore/pkg/smf/pdusmsp/sm/sm.go:553.170,555.24 2 1
w5gc.io/wipro5gcore/pkg/smf/pdusmsp/sm/sm.go:555.24,557.3 1 1
w5gc.io/wipro5gcore/pkg/smf/pdusmsp/sm/sm.go:558.2,567.16 5 1
w5gc.io/wipro5gcore/pkg/smf/pdusmsp/sm/sm.go:567.16,571.3 3 1
w5gc.io/wipro5gcore/pkg/smf/pdusmsp/sm/sm.go:572.2,576.9 2 1
w5gc.io/wipro5gcore/pkg/smf/pdusmsp/sm/sm.go:579.75,582.15 2 1
w5gc.io/wipro5gcore/pkg/smf/pdusmsp/sm/sm.go:582.15,584.3 1 1
w5gc.io/wipro5gcore/pkg/smf/pdusmsp/sm/sm.go:585.2,589.17 5 1
w5gc.io/wipro5gcore/pkg/smf/pdusmsp/sm/sm.go:589.17,591.3 1 1
w5gc.io/wipro5gcore/pkg/smf/pdusmsp/sm/sm.go:592.2,595.26 4 1
w5gc.io/wipro5gcore/pkg/smf/pdusmsp/sm/sm.go:595.26,597.3 1 1
w5gc.io/wipro5gcore/pkg/smf/pdusmsp/sm/sm.go:598.2,598.12 1 1
w5gc.io/wipro5gcore/pkg/smf/pdusmsp/sm/sm.go:603.164,608.24 2 1
w5gc.io/wipro5gcore/pkg/smf/pdusmsp/sm/sm.go:608.24,621.3 1 1
w5gc.io/wipro5gcore/pkg/smf/pdusmsp/sm/sm.go:624.2,625.16 2 1
w5gc.io/wipro5gcore/pkg/smf/pdusmsp/sm/sm.go:625.16,639.3 1 1
w5gc.io/wipro5gcore/pkg/smf/pdusmsp/sm/sm.go:642.2,652.16 4 1
w5gc.io/wipro5gcore/pkg/smf/pdusmsp/sm/sm.go:652.16,653.92 1 1
w5gc.io/wipro5gcore/pkg/smf/pdusmsp/sm/sm.go:653.92,666.4 1 1
w5gc.io/wipro5gcore/pkg/smf/pdusmsp/sm/sm.go:666.9,679.4 1 0
w5gc.io/wipro5gcore/pkg/smf/pdusmsp/sm/sm.go:702.2,749.16 5 1
w5gc.io/wipro5gcore/pkg/smf/pdusmsp/sm/sm.go:749.16,753.3 2 0
w5gc.io/wipro5gcore/pkg/smf/pdusmsp/sm/sm.go:754.2,763.9 2 1
w5gc.io/wipro5gcore/pkg/smf/pdusmsp/sm/sm.go:767.91,819.19 5 0
w5gc.io/wipro5gcore/pkg/smf/pdusmsp/sm/sm.go:819.19,823.6 3 0
w5gc.io/wipro5gcore/pkg/smf/pdusmsp/sm/sm.go:836.2,842.12 5 0
